<?xml version="1.0" encoding="UTF-8"?>
<testsuite xmlns:xsi="http://www.w3.org/2001/XMLSchema-instance" xsi:noNamespaceSchemaLocation="https://maven.apache.org/surefire/maven-surefire-plugin/xsd/surefire-test-report-3.0.xsd" version="3.0" name="com.alexandre.redirecturllambda.AppTest" time="0.029" tests="1" errors="0" skipped="0" failures="0">
  <properties>
    <property name="java.specification.version" value="21"/>
    <property name="sun.cpu.isalist" value="amd64"/>
    <property name="sun.jnu.encoding" value="Cp1252"/>
    <property name="java.class.path" value="D:\projetos\java\CreateUrlLambda\redirect-url-lambda\redirecturllambda\target\test-classes;D:\projetos\java\CreateUrlLambda\redirect-url-lambda\redirecturllambda\target\classes;C:\Users\Alexandre Nazareth\.m2\repository\junit\junit\4.11\junit-4.11.jar;C:\Users\Alexandre Nazareth\.m2\repository\org\hamcrest\hamcrest-core\1.3\hamcrest-core-1.3.jar;C:\Users\Alexandre Nazareth\.m2\repository\software\amazon\awssdk\s3\2.17.106\s3-2.17.106.jar;C:\Users\Alexandre Nazareth\.m2\repository\software\amazon\awssdk\aws-xml-protocol\2.17.106\aws-xml-protocol-2.17.106.jar;C:\Users\Alexandre Nazareth\.m2\repository\software\amazon\awssdk\aws-query-protocol\2.17.106\aws-query-protocol-2.17.106.jar;C:\Users\Alexandre Nazareth\.m2\repository\software\amazon\awssdk\protocol-core\2.17.106\protocol-core-2.17.106.jar;C:\Users\Alexandre Nazareth\.m2\repository\software\amazon\awssdk\arns\2.17.106\arns-2.17.106.jar;C:\Users\Alexandre Nazareth\.m2\repository\software\amazon\awssdk\profiles\2.17.106\profiles-2.17.106.jar;C:\Users\Alexandre Nazareth\.m2\repository\software\amazon\awssdk\sdk-core\2.17.106\sdk-core-2.17.106.jar;C:\Users\Alexandre Nazareth\.m2\repository\org\slf4j\slf4j-api\1.7.30\slf4j-api-1.7.30.jar;C:\Users\Alexandre Nazareth\.m2\repository\org\reactivestreams\reactive-streams\1.0.3\reactive-streams-1.0.3.jar;C:\Users\Alexandre Nazareth\.m2\repository\software\amazon\awssdk\auth\2.17.106\auth-2.17.106.jar;C:\Users\Alexandre Nazareth\.m2\repository\software\amazon\awssdk\json-utils\2.17.106\json-utils-2.17.106.jar;C:\Users\Alexandre Nazareth\.m2\repository\software\amazon\awssdk\third-party-jackson-core\2.17.106\third-party-jackson-core-2.17.106.jar;C:\Users\Alexandre Nazareth\.m2\repository\software\amazon\eventstream\eventstream\1.0.1\eventstream-1.0.1.jar;C:\Users\Alexandre Nazareth\.m2\repository\software\amazon\awssdk\http-client-spi\2.17.106\http-client-spi-2.17.106.jar;C:\Users\Alexandre Nazareth\.m2\repository\software\amazon\awssdk\regions\2.17.106\regions-2.17.106.jar;C:\Users\Alexandre Nazareth\.m2\repository\software\amazon\awssdk\annotations\2.17.106\annotations-2.17.106.jar;C:\Users\Alexandre Nazareth\.m2\repository\software\amazon\awssdk\utils\2.17.106\utils-2.17.106.jar;C:\Users\Alexandre Nazareth\.m2\repository\software\amazon\awssdk\aws-core\2.17.106\aws-core-2.17.106.jar;C:\Users\Alexandre Nazareth\.m2\repository\software\amazon\awssdk\metrics-spi\2.17.106\metrics-spi-2.17.106.jar;C:\Users\Alexandre Nazareth\.m2\repository\software\amazon\awssdk\apache-client\2.17.106\apache-client-2.17.106.jar;C:\Users\Alexandre Nazareth\.m2\repository\org\apache\httpcomponents\httpclient\4.5.13\httpclient-4.5.13.jar;C:\Users\Alexandre Nazareth\.m2\repository\commons-logging\commons-logging\1.2\commons-logging-1.2.jar;C:\Users\Alexandre Nazareth\.m2\repository\commons-codec\commons-codec\1.11\commons-codec-1.11.jar;C:\Users\Alexandre Nazareth\.m2\repository\org\apache\httpcomponents\httpcore\4.4.13\httpcore-4.4.13.jar;C:\Users\Alexandre Nazareth\.m2\repository\software\amazon\awssdk\netty-nio-client\2.17.106\netty-nio-client-2.17.106.jar;C:\Users\Alexandre Nazareth\.m2\repository\io\netty\netty-codec-http\4.1.68.Final\netty-codec-http-4.1.68.Final.jar;C:\Users\Alexandre Nazareth\.m2\repository\io\netty\netty-codec-http2\4.1.68.Final\netty-codec-http2-4.1.68.Final.jar;C:\Users\Alexandre Nazareth\.m2\repository\io\netty\netty-codec\4.1.68.Final\netty-codec-4.1.68.Final.jar;C:\Users\Alexandre Nazareth\.m2\repository\io\netty\netty-transport\4.1.68.Final\netty-transport-4.1.68.Final.jar;C:\Users\Alexandre Nazareth\.m2\repository\io\netty\netty-resolver\4.1.68.Final\netty-resolver-4.1.68.Final.jar;C:\Users\Alexandre Nazareth\.m2\repository\io\netty\netty-common\4.1.68.Final\netty-common-4.1.68.Final.jar;C:\Users\Alexandre Nazareth\.m2\repository\io\netty\netty-buffer\4.1.68.Final\netty-buffer-4.1.68.Final.jar;C:\Users\Alexandre Nazareth\.m2\repository\io\netty\netty-handler\4.1.68.Final\netty-handler-4.1.68.Final.jar;C:\Users\Alexandre Nazareth\.m2\repository\io\netty\netty-transport-native-epoll\4.1.68.Final\netty-transport-native-epoll-4.1.68.Final-linux-x86_64.jar;C:\Users\Alexandre Nazareth\.m2\repository\io\netty\netty-transport-native-unix-common\4.1.68.Final\netty-transport-native-unix-common-4.1.68.Final.jar;C:\Users\Alexandre Nazareth\.m2\repository\com\typesafe\netty\netty-reactive-streams-http\2.0.5\netty-reactive-streams-http-2.0.5.jar;C:\Users\Alexandre Nazareth\.m2\repository\com\typesafe\netty\netty-reactive-streams\2.0.5\netty-reactive-streams-2.0.5.jar;C:\Users\Alexandre Nazareth\.m2\repository\com\amazonaws\aws-lambda-java-core\1.2.1\aws-lambda-java-core-1.2.1.jar;C:\Users\Alexandre Nazareth\.m2\repository\com\amazonaws\aws-lambda-java-log4j2\1.4.0\aws-lambda-java-log4j2-1.4.0.jar;C:\Users\Alexandre Nazareth\.m2\repository\org\apache\logging\log4j\log4j-core\2.16.0\log4j-core-2.16.0.jar;C:\Users\Alexandre Nazareth\.m2\repository\org\apache\logging\log4j\log4j-api\2.16.0\log4j-api-2.16.0.jar;C:\Users\Alexandre Nazareth\.m2\repository\org\projectlombok\lombok\1.18.34\lombok-1.18.34.jar;C:\Users\Alexandre Nazareth\.m2\repository\com\fasterxml\jackson\core\jackson-databind\2.12.3\jackson-databind-2.12.3.jar;C:\Users\Alexandre Nazareth\.m2\repository\com\fasterxml\jackson\core\jackson-annotations\2.12.3\jackson-annotations-2.12.3.jar;C:\Users\Alexandre Nazareth\.m2\repository\com\fasterxml\jackson\core\jackson-core\2.12.3\jackson-core-2.12.3.jar;"/>
    <property name="java.vm.vendor" value="Oracle Corporation"/>
    <property name="sun.arch.data.model" value="64"/>
    <property name="user.variant" value=""/>
    <property name="java.vendor.url" value="https://java.oracle.com/"/>
    <property name="user.timezone" value="America/Sao_Paulo"/>
    <property name="os.name" value="Windows 11"/>
    <property name="java.vm.specification.version" value="21"/>
    <property name="sun.java.launcher" value="SUN_STANDARD"/>
    <property name="user.country" value="BR"/>
    <property name="sun.boot.library.path" value="C:\Program Files\Java\jdk-21\bin"/>
    <property name="sun.java.command" value="C:\Users\Alexandre Nazareth\AppData\Local\Temp\surefire1911319623545862062\surefirebooter-20241120124812456_3.jar C:\Users\Alexandre Nazareth\AppData\Local\Temp\surefire1911319623545862062 2024-11-20T12-48-12_365-jvmRun1 surefire-20241120124812456_1tmp surefire_0-20241120124812456_2tmp"/>
    <property name="jdk.debug" value="release"/>
    <property name="surefire.test.class.path" value="D:\projetos\java\CreateUrlLambda\redirect-url-lambda\redirecturllambda\target\test-classes;D:\projetos\java\CreateUrlLambda\redirect-url-lambda\redirecturllambda\target\classes;C:\Users\Alexandre Nazareth\.m2\repository\junit\junit\4.11\junit-4.11.jar;C:\Users\Alexandre Nazareth\.m2\repository\org\hamcrest\hamcrest-core\1.3\hamcrest-core-1.3.jar;C:\Users\Alexandre Nazareth\.m2\repository\software\amazon\awssdk\s3\2.17.106\s3-2.17.106.jar;C:\Users\Alexandre Nazareth\.m2\repository\software\amazon\awssdk\aws-xml-protocol\2.17.106\aws-xml-protocol-2.17.106.jar;C:\Users\Alexandre Nazareth\.m2\repository\software\amazon\awssdk\aws-query-protocol\2.17.106\aws-query-protocol-2.17.106.jar;C:\Users\Alexandre Nazareth\.m2\repository\software\amazon\awssdk\protocol-core\2.17.106\protocol-core-2.17.106.jar;C:\Users\Alexandre Nazareth\.m2\repository\software\amazon\awssdk\arns\2.17.106\arns-2.17.106.jar;C:\Users\Alexandre Nazareth\.m2\repository\software\amazon\awssdk\profiles\2.17.106\profiles-2.17.106.jar;C:\Users\Alexandre Nazareth\.m2\repository\software\amazon\awssdk\sdk-core\2.17.106\sdk-core-2.17.106.jar;C:\Users\Alexandre Nazareth\.m2\repository\org\slf4j\slf4j-api\1.7.30\slf4j-api-1.7.30.jar;C:\Users\Alexandre Nazareth\.m2\repository\org\reactivestreams\reactive-streams\1.0.3\reactive-streams-1.0.3.jar;C:\Users\Alexandre Nazareth\.m2\repository\software\amazon\awssdk\auth\2.17.106\auth-2.17.106.jar;C:\Users\Alexandre Nazareth\.m2\repository\software\amazon\awssdk\json-utils\2.17.106\json-utils-2.17.106.jar;C:\Users\Alexandre Nazareth\.m2\repository\software\amazon\awssdk\third-party-jackson-core\2.17.106\third-party-jackson-core-2.17.106.jar;C:\Users\Alexandre Nazareth\.m2\repository\software\amazon\eventstream\eventstream\1.0.1\eventstream-1.0.1.jar;C:\Users\Alexandre Nazareth\.m2\repository\software\amazon\awssdk\http-client-spi\2.17.106\http-client-spi-2.17.106.jar;C:\Users\Alexandre Nazareth\.m2\repository\software\amazon\awssdk\regions\2.17.106\regions-2.17.106.jar;C:\Users\Alexandre Nazareth\.m2\repository\software\amazon\awssdk\annotations\2.17.106\annotations-2.17.106.jar;C:\Users\Alexandre Nazareth\.m2\repository\software\amazon\awssdk\utils\2.17.106\utils-2.17.106.jar;C:\Users\Alexandre Nazareth\.m2\repository\software\amazon\awssdk\aws-core\2.17.106\aws-core-2.17.106.jar;C:\Users\Alexandre Nazareth\.m2\repository\software\amazon\awssdk\metrics-spi\2.17.106\metrics-spi-2.17.106.jar;C:\Users\Alexandre Nazareth\.m2\repository\software\amazon\awssdk\apache-client\2.17.106\apache-client-2.17.106.jar;C:\Users\Alexandre Nazareth\.m2\repository\org\apache\httpcomponents\httpclient\4.5.13\httpclient-4.5.13.jar;C:\Users\Alexandre Nazareth\.m2\repository\commons-logging\commons-logging\1.2\commons-logging-1.2.jar;C:\Users\Alexandre Nazareth\.m2\repository\commons-codec\commons-codec\1.11\commons-codec-1.11.jar;C:\Users\Alexandre Nazareth\.m2\repository\org\apache\httpcomponents\httpcore\4.4.13\httpcore-4.4.13.jar;C:\Users\Alexandre Nazareth\.m2\repository\software\amazon\awssdk\netty-nio-client\2.17.106\netty-nio-client-2.17.106.jar;C:\Users\Alexandre Nazareth\.m2\repository\io\netty\netty-codec-http\4.1.68.Final\netty-codec-http-4.1.68.Final.jar;C:\Users\Alexandre Nazareth\.m2\repository\io\netty\netty-codec-http2\4.1.68.Final\netty-codec-http2-4.1.68.Final.jar;C:\Users\Alexandre Nazareth\.m2\repository\io\netty\netty-codec\4.1.68.Final\netty-codec-4.1.68.Final.jar;C:\Users\Alexandre Nazareth\.m2\repository\io\netty\netty-transport\4.1.68.Final\netty-transport-4.1.68.Final.jar;C:\Users\Alexandre Nazareth\.m2\repository\io\netty\netty-resolver\4.1.68.Final\netty-resolver-4.1.68.Final.jar;C:\Users\Alexandre Nazareth\.m2\repository\io\netty\netty-common\4.1.68.Final\netty-common-4.1.68.Final.jar;C:\Users\Alexandre Nazareth\.m2\repository\io\netty\netty-buffer\4.1.68.Final\netty-buffer-4.1.68.Final.jar;C:\Users\Alexandre Nazareth\.m2\repository\io\netty\netty-handler\4.1.68.Final\netty-handler-4.1.68.Final.jar;C:\Users\Alexandre Nazareth\.m2\repository\io\netty\netty-transport-native-epoll\4.1.68.Final\netty-transport-native-epoll-4.1.68.Final-linux-x86_64.jar;C:\Users\Alexandre Nazareth\.m2\repository\io\netty\netty-transport-native-unix-common\4.1.68.Final\netty-transport-native-unix-common-4.1.68.Final.jar;C:\Users\Alexandre Nazareth\.m2\repository\com\typesafe\netty\netty-reactive-streams-http\2.0.5\netty-reactive-streams-http-2.0.5.jar;C:\Users\Alexandre Nazareth\.m2\repository\com\typesafe\netty\netty-reactive-streams\2.0.5\netty-reactive-streams-2.0.5.jar;C:\Users\Alexandre Nazareth\.m2\repository\com\amazonaws\aws-lambda-java-core\1.2.1\aws-lambda-java-core-1.2.1.jar;C:\Users\Alexandre Nazareth\.m2\repository\com\amazonaws\aws-lambda-java-log4j2\1.4.0\aws-lambda-java-log4j2-1.4.0.jar;C:\Users\Alexandre Nazareth\.m2\repository\org\apache\logging\log4j\log4j-core\2.16.0\log4j-core-2.16.0.jar;C:\Users\Alexandre Nazareth\.m2\repository\org\apache\logging\log4j\log4j-api\2.16.0\log4j-api-2.16.0.jar;C:\Users\Alexandre Nazareth\.m2\repository\org\projectlombok\lombok\1.18.34\lombok-1.18.34.jar;C:\Users\Alexandre Nazareth\.m2\repository\com\fasterxml\jackson\core\jackson-databind\2.12.3\jackson-databind-2.12.3.jar;C:\Users\Alexandre Nazareth\.m2\repository\com\fasterxml\jackson\core\jackson-annotations\2.12.3\jackson-annotations-2.12.3.jar;C:\Users\Alexandre Nazareth\.m2\repository\com\fasterxml\jackson\core\jackson-core\2.12.3\jackson-core-2.12.3.jar;"/>
    <property name="sun.cpu.endian" value="little"/>
    <property name="user.home" value="C:\Users\Alexandre Nazareth"/>
    <property name="user.language" value="pt"/>
    <property name="java.specification.vendor" value="Oracle Corporation"/>
    <property name="java.version.date" value="2024-10-15"/>
    <property name="java.home" value="C:\Program Files\Java\jdk-21"/>
    <property name="file.separator" value="\"/>
    <property name="basedir" value="D:\projetos\java\CreateUrlLambda\redirect-url-lambda\redirecturllambda"/>
    <property name="java.vm.compressedOopsMode" value="Zero based"/>
    <property name="line.separator" value="&#10;"/>
    <property name="java.vm.specification.vendor" value="Oracle Corporation"/>
    <property name="java.specification.name" value="Java Platform API Specification"/>
    <property name="surefire.real.class.path" value="C:\Users\Alexandre Nazareth\AppData\Local\Temp\surefire1911319623545862062\surefirebooter-20241120124812456_3.jar"/>
    <property name="user.script" value=""/>
    <property name="sun.management.compiler" value="HotSpot 64-Bit Tiered Compilers"/>
    <property name="java.runtime.version" value="21.0.5+9-LTS-239"/>
    <property name="user.name" value="Alexandre Nazareth"/>
    <property name="stdout.encoding" value="Cp1252"/>
    <property name="path.separator" value=";"/>
    <property name="os.version" value="10.0"/>
    <property name="java.runtime.name" value="Java(TM) SE Runtime Environment"/>
    <property name="file.encoding" value="UTF-8"/>
    <property name="java.vm.name" value="Java HotSpot(TM) 64-Bit Server VM"/>
    <property name="localRepository" value="C:\Users\Alexandre Nazareth\.m2\repository"/>
    <property name="java.vendor.url.bug" value="https://bugreport.java.com/bugreport/"/>
    <property name="java.io.tmpdir" value="C:\Users\ALEXAN~1\AppData\Local\Temp\"/>
    <property name="java.version" value="21.0.5"/>
    <property name="user.dir" value="D:\projetos\java\CreateUrlLambda\redirect-url-lambda\redirecturllambda"/>
    <property name="os.arch" value="amd64"/>
    <property name="java.vm.specification.name" value="Java Virtual Machine Specification"/>
    <property name="sun.os.patch.level" value=""/>
    <property name="native.encoding" value="Cp1252"/>
    <property name="java.library.path" value="C:\Program Files\Java\jdk-21\bin;C:\WINDOWS\Sun\Java\bin;C:\WINDOWS\system32;C:\WINDOWS;C:\Program Files\PowerShell\7;C:\Program Files\NVIDIA GPU Computing Toolkit\CUDA\v11.0\bin;C:\Program Files\NVIDIA GPU Computing Toolkit\CUDA\v11.0\libnvvp;C:\Program Files\Common Files\Oracle\Java\javapath;C:\Program Files (x86)\Common Files\Oracle\Java\java8path;C:\Program Files (x86)\Common Files\Oracle\Java\javapath;C:\WINDOWS\system32;C:\WINDOWS;C:\WINDOWS\System32\Wbem;C:\WINDOWS\System32\WindowsPowerShell\v1.0\;C:\WINDOWS\System32\OpenSSH\;C:\Program Files\Git\cmd;C:\Program Files\nodejs\;C:\ProgramData\chocolatey\bin;C:\Program Files\dotnet\;C:\Program Files\NVIDIA Corporation\NVIDIA app\NvDLISR;C:\Program Files (x86)\NVIDIA Corporation\PhysX\Common;C:\Program Files\PowerShell\7\;C:\Program Files\NVIDIA Corporation\Nsight Compute 2020.1.1\;C:\Program Files\Maven\apache-maven-3.9.9\bin;C:\Users\Alexandre Nazareth\AppData\Local\Programs\Python\Python313\Scripts\;C:\Users\Alexandre Nazareth\AppData\Local\Programs\Python\Python313\;C:\Users\Alexandre Nazareth\AppData\Local\Microsoft\WindowsApps;C:\Users\Alexandre Nazareth\AppData\Local\Programs\Microsoft VS Code\bin;C:\Users\Alexandre Nazareth\AppData\Roaming\npm;C:\Users\Alexandre Nazareth\AppData\Local\Muse Hub\lib;."/>
    <property name="java.vm.info" value="mixed mode, sharing"/>
    <property name="stderr.encoding" value="Cp1252"/>
    <property name="java.vendor" value="Oracle Corporation"/>
    <property name="java.vm.version" value="21.0.5+9-LTS-239"/>
    <property name="sun.io.unicode.encoding" value="UnicodeLittle"/>
    <property name="java.class.version" value="65.0"/>
  </properties>
  <testcase name="shouldAnswerWithTrue" classname="com.alexandre.redirecturllambda.AppTest" time="0.001"/>
</testsuite>